<?xml version="1.0" encoding="UTF-8"?>
<!-- Generated by org.testng.reporters.JUnitXMLReporter -->
<testsuite hostname="darpe-PC" ignored="0" name="Test" tests="3" failures="0" timestamp="30 Aug 2017 18:15:13 GMT" time="4.961" errors="0">
  <testcase name="testBreadCrumbs" time="0.179" classname="com.wbl.test.LoginPageTest"/>
  <testcase name="testForgotPassword" time="0.352" classname="com.wbl.test.LoginPageTest"/>
  <testcase name="testLogin" time="2.084" classname="com.wbl.test.LoginPageTest"/>
</testsuite> <!-- Test -->
